 [03-Oct-2025 08:14:34 UTC] No fields to update for vendor id: 14
[03-Oct-2025 08:18:20 UTC] No fields to update for vendor id: 14
[03-Oct-2025 08:19:44 UTC] POST: Array
(
)

[03-Oct-2025 08:19:44 UTC] FILES: Array
(
)

[03-Oct-2025 08:19:44 UTC] No fields to update for vendor id: 14
[03-Oct-2025 08:22:44 UTC] POST: Array
(
)

[03-Oct-2025 08:22:44 UTC] FILES: Array
(
)

[03-Oct-2025 08:22:44 UTC] No fields to update for vendor id: 14
[03-Oct-2025 08:22:51 UTC] POST: Array
(
    [name] => shubham
    [city] => look
    [address] => look
    [state] => look
)

[03-Oct-2025 08:22:51 UTC] FILES: Array
(
    [profile_image] => Array
        (
            [name] => WhatsApp Image 2025-08-28 at 14.22.42_8c68495f.jpg
            [full_path] => ./cloudFiles/LMNZ-7qVR/WhatsApp Image 2025-08-28 at 14.22.42_8c68495f.jpg
            [type] => image/jpeg
            [tmp_name] => /tmp/phpKwPQLB
            [error] => 0
            [size] => 47069
        )

)

[03-Oct-2025 08:24:27 UTC] POST: Array
(
    [name] => prajyot
    [city] => New City
    [address] => New Address
    [state] => New State
)

[03-Oct-2025 08:24:27 UTC] FILES: Array
(
    [profile_image] => Array
        (
            [name] => back1.jpg
            [full_path] => back1.jpg
            [type] => image/jpeg
            [tmp_name] => /tmp/phppxG5qG
            [error] => 0
            [size] => 1321385
        )

)

[03-Oct-2025 08:40:29 UTC] PHP Fatal error:  Uncaught mysqli_sql_exception: Unknown column 'category' in 'INSERT INTO' in /home/u262838097/domains/munchmartfoods.com/public_html/vendor/category.php:60
Stack trace:
#0 /home/u262838097/domains/munchmartfoods.com/public_html/vendor/category.php(60): mysqli->prepare()
#1 {main}
  thrown in /home/u262838097/domains/munchmartfoods.com/public_html/vendor/category.php on line 60
[03-Oct-2025 08:42:45 UTC] PHP Fatal error:  Uncaught mysqli_sql_exception: Unknown column 'category' in 'INSERT INTO' in /home/u262838097/domains/munchmartfoods.com/public_html/vendor/category.php:103
Stack trace:
#0 /home/u262838097/domains/munchmartfoods.com/public_html/vendor/category.php(103): mysqli->prepare()
#1 {main}
  thrown in /home/u262838097/domains/munchmartfoods.com/public_html/vendor/category.php on line 103
[03-Oct-2025 10:47:42 UTC] PHP Fatal error:  Uncaught mysqli_sql_exception: Unknown column 'categoryId' in 'SET' in /home/u262838097/domains/munchmartfoods.com/public_html/vendor/subcategory.php:87
Stack trace:
#0 /home/u262838097/domains/munchmartfoods.com/public_html/vendor/subcategory.php(87): mysqli->prepare()
#1 {main}
  thrown in /home/u262838097/domains/munchmartfoods.com/public_html/vendor/subcategory.php on line 87
[03-Oct-2025 10:48:22 UTC] PHP Fatal error:  Uncaught mysqli_sql_exception: Unknown column 'categoryId' in 'SET' in /home/u262838097/domains/munchmartfoods.com/public_html/vendor/subcategory.php:87
Stack trace:
#0 /home/u262838097/domains/munchmartfoods.com/public_html/vendor/subcategory.php(87): mysqli->prepare()
#1 {main}
  thrown in /home/u262838097/domains/munchmartfoods.com/public_html/vendor/subcategory.php on line 87
[03-Oct-2025 10:48:31 UTC] PHP Fatal error:  Uncaught mysqli_sql_exception: Unknown column 'categoryId' in 'SET' in /home/u262838097/domains/munchmartfoods.com/public_html/vendor/subcategory.php:87
Stack trace:
#0 /home/u262838097/domains/munchmartfoods.com/public_html/vendor/subcategory.php(87): mysqli->prepare()
#1 {main}
  thrown in /home/u262838097/domains/munchmartfoods.com/public_html/vendor/subcategory.php on line 87
[03-Oct-2025 10:50:47 UTC] PHP Fatal error:  Uncaught mysqli_sql_exception: Unknown column 'categoryId' in 'SET' in /home/u262838097/domains/munchmartfoods.com/public_html/vendor/subcategory.php:87
Stack trace:
#0 /home/u262838097/domains/munchmartfoods.com/public_html/vendor/subcategory.php(87): mysqli->prepare()
#1 {main}
  thrown in /home/u262838097/domains/munchmartfoods.com/public_html/vendor/subcategory.php on line 87
[03-Oct-2025 10:53:46 UTC] PHP Fatal error:  Uncaught mysqli_sql_exception: Unknown column 'categoryId' in 'SET' in /home/u262838097/domains/munchmartfoods.com/public_html/vendor/subcategory.php:93
Stack trace:
#0 /home/u262838097/domains/munchmartfoods.com/public_html/vendor/subcategory.php(93): mysqli->prepare()
#1 {main}
  thrown in /home/u262838097/domains/munchmartfoods.com/public_html/vendor/subcategory.php on line 93
[03-Oct-2025 13:28:02 UTC] PHP Fatal error:  Uncaught mysqli_sql_exception: Column 'title' cannot be null in /home/u262838097/domains/munchmartfoods.com/public_html/vendor/meal.php:89
Stack trace:
#0 /home/u262838097/domains/munchmartfoods.com/public_html/vendor/meal.php(89): mysqli_stmt->execute()
#1 {main}
  thrown in /home/u262838097/domains/munchmartfoods.com/public_html/vendor/meal.php on line 89
[03-Oct-2025 13:28:55 UTC] PHP Fatal error:  Uncaught mysqli_sql_exception: Column 'title' cannot be null in /home/u262838097/domains/munchmartfoods.com/public_html/vendor/meal.php:89
Stack trace:
#0 /home/u262838097/domains/munchmartfoods.com/public_html/vendor/meal.php(89): mysqli_stmt->execute()
#1 {main}
  thrown in /home/u262838097/domains/munchmartfoods.com/public_html/vendor/meal.php on line 89
[04-Oct-2025 05:34:29 UTC] PHP Fatal error:  Uncaught mysqli_sql_exception: Column 'title' cannot be null in /home/u262838097/domains/munchmartfoods.com/public_html/vendor/meal.php:89
Stack trace:
#0 /home/u262838097/domains/munchmartfoods.com/public_html/vendor/meal.php(89): mysqli_stmt->execute()
#1 {main}
  thrown in /home/u262838097/domains/munchmartfoods.com/public_html/vendor/meal.php on line 89
[04-Oct-2025 09:17:01 UTC] PHP Fatal error:  Uncaught mysqli_sql_exception: Unknown column 'mobile' in 'WHERE' in /home/u262838097/domains/munchmartfoods.com/public_html/user/register.php:22
Stack trace:
#0 /home/u262838097/domains/munchmartfoods.com/public_html/user/register.php(22): mysqli->prepare()
#1 {main}
  thrown in /home/u262838097/domains/munchmartfoods.com/public_html/user/register.php on line 22
[04-Oct-2025 09:21:50 UTC] PHP Warning:  require(/home/u262838097/domains/munchmartfoods.com/public_html/user/../../composer/autoload.php): Failed to open stream: No such file or directory in /home/u262838097/domains/munchmartfoods.com/public_html/user/login.php on line 8
[04-Oct-2025 09:21:50 UTC] PHP Fatal error:  Uncaught Error: Failed opening required '/home/u262838097/domains/munchmartfoods.com/public_html/user/../../composer/autoload.php' (include_path='.:/opt/alt/php82/usr/share/pear:/opt/alt/php82/usr/share/php:/usr/share/pear:/usr/share/php') in /home/u262838097/domains/munchmartfoods.com/public_html/user/login.php:8
Stack trace:
#0 {main}
  thrown in /home/u262838097/domains/munchmartfoods.com/public_html/user/login.php on line 8
[04-Oct-2025 09:23:21 UTC] LOGIN DEBUG: {"login_input":"shubham@example.com","password_input":"123456","db_password":"$2y$10$pqEZUJOGmEmLg9lcCcdBU.mZ.iEVQdWHKHVt330lX5PTHC79LCyRS","password_verify":false}
[04-Oct-2025 09:23:21 UTC] LOGIN ERROR: Password mismatch for user shubham@example.com
[04-Oct-2025 09:27:34 UTC] LOGIN DEBUG: {"login_input":"shubham@example.com","password_input":"123456","db_password":"$2y$10$pqEZUJOGmEmLg9lcCcdBU.mZ.iEVQdWHKHVt330lX5PTHC79LCyRS","password_verify":false}
[04-Oct-2025 09:27:34 UTC] LOGIN ERROR: Password mismatch for user shubham@example.com
[04-Oct-2025 09:27:58 UTC] LOGIN DEBUG: {"login_input":"shubham@example.com","password_input":"123456","db_password":"$2y$10$pqEZUJOGmEmLg9lcCcdBU.mZ.iEVQdWHKHVt330lX5PTHC79LCyRS","password_verify":false}
[04-Oct-2025 09:27:58 UTC] LOGIN ERROR: Password mismatch for user shubham@example.com
[04-Oct-2025 09:28:55 UTC] LOGIN DEBUG: {"login_input":"test@example.com","password_input":"123456","db_password":"$2y$10$T8eu1mtIOV\/DfqHRLwtQP.WQ9eH4OnxhtLakkJvNJfPyYCC5pfPwa","password_verify":true}
[04-Oct-2025 09:29:28 UTC] LOGIN DEBUG: {"login_input":"test@example.com","password_input":"123456","db_password":"$2y$10$T8eu1mtIOV\/DfqHRLwtQP.WQ9eH4OnxhtLakkJvNJfPyYCC5pfPwa","password_verify":true}
[04-Oct-2025 09:43:23 UTC] PHP Fatal error:  Uncaught mysqli_sql_exception: Unknown column 'items' in 'INSERT INTO' in /home/u262838097/domains/munchmartfoods.com/public_html/vendor/orders.php:95
Stack trace:
#0 /home/u262838097/domains/munchmartfoods.com/public_html/vendor/orders.php(95): mysqli->prepare()
#1 {main}
  thrown in /home/u262838097/domains/munchmartfoods.com/public_html/vendor/orders.php on line 95
[04-Oct-2025 09:44:42 UTC] PHP Fatal error:  Uncaught mysqli_sql_exception: Unknown column 'created_at' in 'INSERT INTO' in /home/u262838097/domains/munchmartfoods.com/public_html/vendor/orders.php:95
Stack trace:
#0 /home/u262838097/domains/munchmartfoods.com/public_html/vendor/orders.php(95): mysqli->prepare()
#1 {main}
  thrown in /home/u262838097/domains/munchmartfoods.com/public_html/vendor/orders.php on line 95
[04-Oct-2025 09:45:20 UTC] PHP Fatal error:  Uncaught mysqli_sql_exception: Unknown column 'phone' in 'SELECT' in /home/u262838097/domains/munchmartfoods.com/public_html/vendor/orders.php:101
Stack trace:
#0 /home/u262838097/domains/munchmartfoods.com/public_html/vendor/orders.php(101): mysqli->prepare()
#1 {main}
  thrown in /home/u262838097/domains/munchmartfoods.com/public_html/vendor/orders.php on line 101
[04-Oct-2025 09:50:23 UTC] PHP Fatal error:  Uncaught mysqli_sql_exception: Unknown column 'category' in 'SELECT' in /home/u262838097/domains/munchmartfoods.com/public_html/vendor/orders.php:153
Stack trace:
#0 /home/u262838097/domains/munchmartfoods.com/public_html/vendor/orders.php(153): mysqli->prepare()
#1 {main}
  thrown in /home/u262838097/domains/munchmartfoods.com/public_html/vendor/orders.php on line 153
[04-Oct-2025 09:58:26 UTC] PHP Fatal error:  Uncaught mysqli_sql_exception: Unknown column 'category' in 'SELECT' in /home/u262838097/domains/munchmartfoods.com/public_html/vendor/orders.php:163
Stack trace:
#0 /home/u262838097/domains/munchmartfoods.com/public_html/vendor/orders.php(163): mysqli->prepare()
#1 {main}
  thrown in /home/u262838097/domains/munchmartfoods.com/public_html/vendor/orders.php on line 163
[04-Oct-2025 09:59:56 UTC] PHP Fatal error:  Uncaught mysqli_sql_exception: Unknown column 'category' in 'SELECT' in /home/u262838097/domains/munchmartfoods.com/public_html/vendor/orders.php:163
Stack trace:
#0 /home/u262838097/domains/munchmartfoods.com/public_html/vendor/orders.php(163): mysqli->prepare()
#1 {main}
  thrown in /home/u262838097/domains/munchmartfoods.com/public_html/vendor/orders.php on line 163
[04-Oct-2025 10:03:35 UTC] PHP Fatal error:  Uncaught mysqli_sql_exception: Unknown column 'category' in 'SELECT' in /home/u262838097/domains/munchmartfoods.com/public_html/vendor/orders.php:163
Stack trace:
#0 /home/u262838097/domains/munchmartfoods.com/public_html/vendor/orders.php(163): mysqli->prepare()
#1 {main}
  thrown in /home/u262838097/domains/munchmartfoods.com/public_html/vendor/orders.php on line 163
[04-Oct-2025 10:05:19 UTC] PHP Fatal error:  Uncaught mysqli_sql_exception: Unknown column 'deliveryTime' in 'SET' in /home/u262838097/domains/munchmartfoods.com/public_html/vendor/orders.php:220
Stack trace:
#0 /home/u262838097/domains/munchmartfoods.com/public_html/vendor/orders.php(220): mysqli->prepare()
#1 {main}
  thrown in /home/u262838097/domains/munchmartfoods.com/public_html/vendor/orders.php on line 220
[04-Oct-2025 10:06:15 UTC] PHP Fatal error:  Uncaught mysqli_sql_exception: Unknown column 'deliveryTime' in 'SET' in /home/u262838097/domains/munchmartfoods.com/public_html/vendor/orders.php:220
Stack trace:
#0 /home/u262838097/domains/munchmartfoods.com/public_html/vendor/orders.php(220): mysqli->prepare()
#1 {main}
  thrown in /home/u262838097/domains/munchmartfoods.com/public_html/vendor/orders.php on line 220
[04-Oct-2025 10:06:38 UTC] PHP Fatal error:  Uncaught mysqli_sql_exception: Unknown column 'cancelReason' in 'SET' in /home/u262838097/domains/munchmartfoods.com/public_html/vendor/orders.php:232
Stack trace:
#0 /home/u262838097/domains/munchmartfoods.com/public_html/vendor/orders.php(232): mysqli->prepare()
#1 {main}
  thrown in /home/u262838097/domains/munchmartfoods.com/public_html/vendor/orders.php on line 232
[04-Oct-2025 10:07:15 UTC] PHP Fatal error:  Uncaught mysqli_sql_exception: Unknown column 'deliveryTime' in 'SET' in /home/u262838097/domains/munchmartfoods.com/public_html/vendor/orders.php:220
Stack trace:
#0 /home/u262838097/domains/munchmartfoods.com/public_html/vendor/orders.php(220): mysqli->prepare()
#1 {main}
  thrown in /home/u262838097/domains/munchmartfoods.com/public_html/vendor/orders.php on line 220
[04-Oct-2025 10:09:53 UTC] PHP Fatal error:  Uncaught mysqli_sql_exception: Unknown column 'cancelReason' in 'SET' in /home/u262838097/domains/munchmartfoods.com/public_html/vendor/orders.php:232
Stack trace:
#0 /home/u262838097/domains/munchmartfoods.com/public_html/vendor/orders.php(232): mysqli->prepare()
#1 {main}
  thrown in /home/u262838097/domains/munchmartfoods.com/public_html/vendor/orders.php on line 232
[04-Oct-2025 10:28:03 UTC] PHP Fatal error:  Uncaught mysqli_sql_exception: Unknown column 'delivered_at' in 'SET' in /home/u262838097/domains/munchmartfoods.com/public_html/vendor/orders.php:244
Stack trace:
#0 /home/u262838097/domains/munchmartfoods.com/public_html/vendor/orders.php(244): mysqli->prepare()
#1 {main}
  thrown in /home/u262838097/domains/munchmartfoods.com/public_html/vendor/orders.php on line 244
[04-Oct-2025 11:04:39 UTC] LOGIN DEBUG: {"login_input":"test@example.com","password_input":"123456","db_password":"$2y$10$T8eu1mtIOV\/DfqHRLwtQP.WQ9eH4OnxhtLakkJvNJfPyYCC5pfPwa","password_verify":true}
[04-Oct-2025 11:12:19 UTC] PHP Fatal error:  Uncaught ArgumentCountError: The number of elements in the type definition string must match the number of bind variables in /home/u262838097/domains/munchmartfoods.com/public_html/vendor/orders.php:118
Stack trace:
#0 /home/u262838097/domains/munchmartfoods.com/public_html/vendor/orders.php(118): mysqli_stmt->bind_param()
#1 {main}
  thrown in /home/u262838097/domains/munchmartfoods.com/public_html/vendor/orders.php on line 118
[04-Oct-2025 11:13:38 UTC] PHP Fatal error:  Uncaught ArgumentCountError: The number of elements in the type definition string must match the number of bind variables in /home/u262838097/domains/munchmartfoods.com/public_html/vendor/orders.php:118
Stack trace:
#0 /home/u262838097/domains/munchmartfoods.com/public_html/vendor/orders.php(118): mysqli_stmt->bind_param()
#1 {main}
  thrown in /home/u262838097/domains/munchmartfoods.com/public_html/vendor/orders.php on line 118
[04-Oct-2025 11:14:21 UTC] PHP Fatal error:  Uncaught ArgumentCountError: The number of variables must match the number of parameters in the prepared statement in /home/u262838097/domains/munchmartfoods.com/public_html/vendor/orders.php:118
Stack trace:
#0 /home/u262838097/domains/munchmartfoods.com/public_html/vendor/orders.php(118): mysqli_stmt->bind_param()
#1 {main}
  thrown in /home/u262838097/domains/munchmartfoods.com/public_html/vendor/orders.php on line 118
[04-Oct-2025 11:15:38 UTC] PHP Fatal error:  Uncaught ArgumentCountError: The number of variables must match the number of parameters in the prepared statement in /home/u262838097/domains/munchmartfoods.com/public_html/vendor/orders.php:118
Stack trace:
#0 /home/u262838097/domains/munchmartfoods.com/public_html/vendor/orders.php(118): mysqli_stmt->bind_param()
#1 {main}
  thrown in /home/u262838097/domains/munchmartfoods.com/public_html/vendor/orders.php on line 118
[04-Oct-2025 11:18:24 UTC] PHP Fatal error:  Uncaught ArgumentCountError: The number of variables must match the number of parameters in the prepared statement in /home/u262838097/domains/munchmartfoods.com/public_html/vendor/orders.php:118
Stack trace:
#0 /home/u262838097/domains/munchmartfoods.com/public_html/vendor/orders.php(118): mysqli_stmt->bind_param()
#1 {main}
  thrown in /home/u262838097/domains/munchmartfoods.com/public_html/vendor/orders.php on line 118
[04-Oct-2025 11:20:29 UTC] PHP Fatal error:  Uncaught ArgumentCountError: The number of variables must match the number of parameters in the prepared statement in /home/u262838097/domains/munchmartfoods.com/public_html/vendor/orders.php:118
Stack trace:
#0 /home/u262838097/domains/munchmartfoods.com/public_html/vendor/orders.php(118): mysqli_stmt->bind_param()
#1 {main}
  thrown in /home/u262838097/domains/munchmartfoods.com/public_html/vendor/orders.php on line 118
[04-Oct-2025 11:28:11 UTC] PHP Fatal error:  Uncaught ArgumentCountError: The number of elements in the type definition string must match the number of bind variables in /home/u262838097/domains/munchmartfoods.com/public_html/vendor/orders.php:113
Stack trace:
#0 /home/u262838097/domains/munchmartfoods.com/public_html/vendor/orders.php(113): mysqli_stmt->bind_param()
#1 {main}
  thrown in /home/u262838097/domains/munchmartfoods.com/public_html/vendor/orders.php on line 113
[04-Oct-2025 11:36:00 UTC] PHP Fatal error:  Uncaught mysqli_sql_exception: Unknown column 'phone' in 'SELECT' in /home/u262838097/domains/munchmartfoods.com/public_html/vendor/orders.php:140
Stack trace:
#0 /home/u262838097/domains/munchmartfoods.com/public_html/vendor/orders.php(140): mysqli->prepare()
#1 {main}
  thrown in /home/u262838097/domains/munchmartfoods.com/public_html/vendor/orders.php on line 140
[04-Oct-2025 11:38:13 UTC] PHP Fatal error:  Uncaught mysqli_sql_exception: Unknown column 'phone' in 'SELECT' in /home/u262838097/domains/munchmartfoods.com/public_html/vendor/orders.php:113
Stack trace:
#0 /home/u262838097/domains/munchmartfoods.com/public_html/vendor/orders.php(113): mysqli->prepare()
#1 {main}
  thrown in /home/u262838097/domains/munchmartfoods.com/public_html/vendor/orders.php on line 113
[04-Oct-2025 11:39:19 UTC] PHP Fatal error:  Uncaught mysqli_sql_exception: Unknown column 'phone' in 'SELECT' in /home/u262838097/domains/munchmartfoods.com/public_html/vendor/orders.php:113
Stack trace:
#0 /home/u262838097/domains/munchmartfoods.com/public_html/vendor/orders.php(113): mysqli->prepare()
#1 {main}
  thrown in /home/u262838097/domains/munchmartfoods.com/public_html/vendor/orders.php on line 113
[04-Oct-2025 11:40:00 UTC] PHP Fatal error:  Uncaught mysqli_sql_exception: Unknown column 'phone' in 'SELECT' in /home/u262838097/domains/munchmartfoods.com/public_html/vendor/orders.php:113
Stack trace:
#0 /home/u262838097/domains/munchmartfoods.com/public_html/vendor/orders.php(113): mysqli->prepare()
#1 {main}
  thrown in /home/u262838097/domains/munchmartfoods.com/public_html/vendor/orders.php on line 113
[04-Oct-2025 11:40:47 UTC] PHP Fatal error:  Uncaught mysqli_sql_exception: Unknown column 'phone' in 'SELECT' in /home/u262838097/domains/munchmartfoods.com/public_html/vendor/orders.php:113
Stack trace:
#0 /home/u262838097/domains/munchmartfoods.com/public_html/vendor/orders.php(113): mysqli->prepare()
#1 {main}
  thrown in /home/u262838097/domains/munchmartfoods.com/public_html/vendor/orders.php on line 113
[04-Oct-2025 11:41:51 UTC] PHP Warning:  Undefined array key "phone" in /home/u262838097/domains/munchmartfoods.com/public_html/vendor/orders.php on line 118
[04-Oct-2025 11:41:51 UTC] PHP Fatal error:  Uncaught Error: mysqli_stmt::bind_param(): Argument #2 cannot be passed by reference in /home/u262838097/domains/munchmartfoods.com/public_html/vendor/orders.php:131
Stack trace:
#0 {main}
  thrown in /home/u262838097/domains/munchmartfoods.com/public_html/vendor/orders.php on line 131
[04-Oct-2025 11:42:28 UTC] PHP Fatal error:  Uncaught Error: mysqli_stmt::bind_param(): Argument #2 cannot be passed by reference in /home/u262838097/domains/munchmartfoods.com/public_html/vendor/orders.php:131
Stack trace:
#0 {main}
  thrown in /home/u262838097/domains/munchmartfoods.com/public_html/vendor/orders.php on line 131
[04-Oct-2025 11:58:35 UTC] PHP Fatal error:  Uncaught ArgumentCountError: The number of elements in the type definition string must match the number of bind variables in /home/u262838097/domains/munchmartfoods.com/public_html/vendor/orders.php:139
Stack trace:
#0 /home/u262838097/domains/munchmartfoods.com/public_html/vendor/orders.php(139): mysqli_stmt->bind_param()
#1 {main}
  thrown in /home/u262838097/domains/munchmartfoods.com/public_html/vendor/orders.php on line 139
[04-Oct-2025 11:59:53 UTC] PHP Fatal error:  Uncaught ArgumentCountError: The number of elements in the type definition string must match the number of bind variables in /home/u262838097/domains/munchmartfoods.com/public_html/vendor/orders.php:139
Stack trace:
#0 /home/u262838097/domains/munchmartfoods.com/public_html/vendor/orders.php(139): mysqli_stmt->bind_param()
#1 {main}
  thrown in /home/u262838097/domains/munchmartfoods.com/public_html/vendor/orders.php on line 139
[04-Oct-2025 12:00:45 UTC] PHP Fatal error:  Uncaught Error: mysqli_stmt::bind_param(): Argument #5 cannot be passed by reference in /home/u262838097/domains/munchmartfoods.com/public_html/vendor/orders.php:144
Stack trace:
#0 {main}
  thrown in /home/u262838097/domains/munchmartfoods.com/public_html/vendor/orders.php on line 144
[04-Oct-2025 12:03:17 UTC] PHP Fatal error:  Uncaught ArgumentCountError: The number of variables must match the number of parameters in the prepared statement in /home/u262838097/domains/munchmartfoods.com/public_html/vendor/orders.php:142
Stack trace:
#0 /home/u262838097/domains/munchmartfoods.com/public_html/vendor/orders.php(142): mysqli_stmt->bind_param()
#1 {main}
  thrown in /home/u262838097/domains/munchmartfoods.com/public_html/vendor/orders.php on line 142
[04-Oct-2025 12:04:17 UTC] PHP Fatal error:  Uncaught ArgumentCountError: The number of elements in the type definition string must match the number of bind variables in /home/u262838097/domains/munchmartfoods.com/public_html/vendor/orders.php:139
Stack trace:
#0 /home/u262838097/domains/munchmartfoods.com/public_html/vendor/orders.php(139): mysqli_stmt->bind_param()
#1 {main}
  thrown in /home/u262838097/domains/munchmartfoods.com/public_html/vendor/orders.php on line 139
[04-Oct-2025 12:10:02 UTC] LOGIN DEBUG: {"login_input":"test@example.com","password_input":"123456","db_password":"$2y$10$T8eu1mtIOV\/DfqHRLwtQP.WQ9eH4OnxhtLakkJvNJfPyYCC5pfPwa","password_verify":true}
[04-Oct-2025 12:12:56 UTC] LOGIN DEBUG: {"login_input":"test@example.com","password_input":"123456","db_password":"$2y$10$T8eu1mtIOV\/DfqHRLwtQP.WQ9eH4OnxhtLakkJvNJfPyYCC5pfPwa","password_verify":true}
[05-Oct-2025 10:53:54 UTC] LOGIN DEBUG: {"login_input":"test@example.com","password_input":"123456","db_password":"$2y$10$T8eu1mtIOV\/DfqHRLwtQP.WQ9eH4OnxhtLakkJvNJfPyYCC5pfPwa","password_verify":true}
[05-Oct-2025 11:01:21 UTC] PHP Fatal error:  Uncaught mysqli_sql_exception: Unknown column 'vendor_id' in 'INSERT INTO' in /home/u262838097/domains/munchmartfoods.com/public_html/vendor/mealbox.order.php:76
Stack trace:
#0 /home/u262838097/domains/munchmartfoods.com/public_html/vendor/mealbox.order.php(76): mysqli->prepare()
#1 {main}
  thrown in /home/u262838097/domains/munchmartfoods.com/public_html/vendor/mealbox.order.php on line 76
[05-Oct-2025 11:17:40 UTC] PHP Fatal error:  Uncaught ArgumentCountError: The number of elements in the type definition string must match the number of bind variables in /home/u262838097/domains/munchmartfoods.com/public_html/vendor/mealbox.order.php:94
Stack trace:
#0 /home/u262838097/domains/munchmartfoods.com/public_html/vendor/mealbox.order.php(94): mysqli_stmt->bind_param()
#1 {main}
  thrown in /home/u262838097/domains/munchmartfoods.com/public_html/vendor/mealbox.order.php on line 94
[05-Oct-2025 11:19:02 UTC] PHP Fatal error:  Uncaught ArgumentCountError: The number of elements in the type definition string must match the number of bind variables in /home/u262838097/domains/munchmartfoods.com/public_html/vendor/mealbox.order.php:94
Stack trace:
#0 /home/u262838097/domains/munchmartfoods.com/public_html/vendor/mealbox.order.php(94): mysqli_stmt->bind_param()
#1 {main}
  thrown in /home/u262838097/domains/munchmartfoods.com/public_html/vendor/mealbox.order.php on line 94
[05-Oct-2025 11:19:16 UTC] PHP Fatal error:  Uncaught ArgumentCountError: The number of elements in the type definition string must match the number of bind variables in /home/u262838097/domains/munchmartfoods.com/public_html/vendor/mealbox.order.php:95
Stack trace:
#0 /home/u262838097/domains/munchmartfoods.com/public_html/vendor/mealbox.order.php(95): mysqli_stmt->bind_param()
#1 {main}
  thrown in /home/u262838097/domains/munchmartfoods.com/public_html/vendor/mealbox.order.php on line 95
[05-Oct-2025 11:20:33 UTC] PHP Fatal error:  Uncaught ArgumentCountError: The number of elements in the type definition string must match the number of bind variables in /home/u262838097/domains/munchmartfoods.com/public_html/vendor/mealbox.order.php:95
Stack trace:
#0 /home/u262838097/domains/munchmartfoods.com/public_html/vendor/mealbox.order.php(95): mysqli_stmt->bind_param()
#1 {main}
  thrown in /home/u262838097/domains/munchmartfoods.com/public_html/vendor/mealbox.order.php on line 95
[05-Oct-2025 11:21:58 UTC] PHP Fatal error:  Uncaught ArgumentCountError: The number of elements in the type definition string must match the number of bind variables in /home/u262838097/domains/munchmartfoods.com/public_html/vendor/mealbox.order.php:95
Stack trace:
#0 /home/u262838097/domains/munchmartfoods.com/public_html/vendor/mealbox.order.php(95): mysqli_stmt->bind_param()
#1 {main}
  thrown in /home/u262838097/domains/munchmartfoods.com/public_html/vendor/mealbox.order.php on line 95
[05-Oct-2025 11:23:55 UTC] PHP Fatal error:  Uncaught ArgumentCountError: The number of elements in the type definition string must match the number of bind variables in /home/u262838097/domains/munchmartfoods.com/public_html/vendor/mealbox.order.php:95
Stack trace:
#0 /home/u262838097/domains/munchmartfoods.com/public_html/vendor/mealbox.order.php(95): mysqli_stmt->bind_param()
#1 {main}
  thrown in /home/u262838097/domains/munchmartfoods.com/public_html/vendor/mealbox.order.php on line 95
[05-Oct-2025 11:40:45 UTC] LOGIN DEBUG: {"login_input":"test@example.com","password_input":"123456","db_password":"$2y$10$T8eu1mtIOV\/DfqHRLwtQP.WQ9eH4OnxhtLakkJvNJfPyYCC5pfPwa","password_verify":true}
[05-Oct-2025 11:57:23 UTC] LOGIN DEBUG: {"login_input":"test@example.com","password_input":"123456","db_password":"$2y$10$T8eu1mtIOV\/DfqHRLwtQP.WQ9eH4OnxhtLakkJvNJfPyYCC5pfPwa","password_verify":true}
[05-Oct-2025 11:58:23 UTC] LOGIN DEBUG: {"login_input":"test@example.com","password_input":"123456","db_password":"$2y$10$T8eu1mtIOV\/DfqHRLwtQP.WQ9eH4OnxhtLakkJvNJfPyYCC5pfPwa","password_verify":true}
[05-Oct-2025 12:11:20 UTC] PHP Fatal error:  Uncaught mysqli_sql_exception: Unknown column 'deliveryTime' in 'SET' in /home/u262838097/domains/munchmartfoods.com/public_html/vendor/mealbox.order.php:234
Stack trace:
#0 /home/u262838097/domains/munchmartfoods.com/public_html/vendor/mealbox.order.php(234): mysqli->prepare()
#1 {main}
  thrown in /home/u262838097/domains/munchmartfoods.com/public_html/vendor/mealbox.order.php on line 234
[05-Oct-2025 12:12:44 UTC] PHP Fatal error:  Uncaught mysqli_sql_exception: Unknown column 'deliveryTime' in 'SET' in /home/u262838097/domains/munchmartfoods.com/public_html/vendor/mealbox.order.php:234
Stack trace:
#0 /home/u262838097/domains/munchmartfoods.com/public_html/vendor/mealbox.order.php(234): mysqli->prepare()
#1 {main}
  thrown in /home/u262838097/domains/munchmartfoods.com/public_html/vendor/mealbox.order.php on line 234
[05-Oct-2025 12:27:39 UTC] PHP Fatal error:  Uncaught mysqli_sql_exception: Unknown column 'cancelReason' in 'SET' in /home/u262838097/domains/munchmartfoods.com/public_html/vendor/mealbox.order.php:276
Stack trace:
#0 /home/u262838097/domains/munchmartfoods.com/public_html/vendor/mealbox.order.php(276): mysqli->prepare()
#1 {main}
  thrown in /home/u262838097/domains/munchmartfoods.com/public_html/vendor/mealbox.order.php on line 276
[05-Oct-2025 12:38:55 UTC] PHP Fatal error:  Uncaught mysqli_sql_exception: Unknown column 'delivered_at' in 'SET' in /home/u262838097/domains/munchmartfoods.com/public_html/vendor/mealbox.order.php:287
Stack trace:
#0 /home/u262838097/domains/munchmartfoods.com/public_html/vendor/mealbox.order.php(287): mysqli->prepare()
#1 {main}
  thrown in /home/u262838097/domains/munchmartfoods.com/public_html/vendor/mealbox.order.php on line 287
[06-Oct-2025 06:02:57 UTC] LOGIN DEBUG: {"login_input":"testuser1@example.com","password_input":"123456","db_password":"$2y$10$6f4keEXpjj\/CDKF.Od9zZueJzsms2OOVz.8RUihnl\/73BHwHqVY4G","password_verify":true}
[06-Oct-2025 06:20:01 UTC] LOGIN DEBUG: {"login_input":"test@example.com","password_input":"123456","db_password":"$2y$10$T8eu1mtIOV\/DfqHRLwtQP.WQ9eH4OnxhtLakkJvNJfPyYCC5pfPwa","password_verify":true}
[06-Oct-2025 06:57:37 UTC] PHP Fatal error:  Uncaught mysqli_sql_exception: Unknown column 'minQty' in 'SELECT' in /home/u262838097/domains/munchmartfoods.com/public_html/vendor/subcategory.php:122
Stack trace:
#0 /home/u262838097/domains/munchmartfoods.com/public_html/vendor/subcategory.php(122): mysqli->prepare()
#1 {main}
  thrown in /home/u262838097/domains/munchmartfoods.com/public_html/vendor/subcategory.php on line 122
[06-Oct-2025 07:01:12 UTC] PHP Fatal error:  Uncaught mysqli_sql_exception: Unknown column 'minQty' in 'SELECT' in /home/u262838097/domains/munchmartfoods.com/public_html/vendor/subcategory.php:114
Stack trace:
#0 /home/u262838097/domains/munchmartfoods.com/public_html/vendor/subcategory.php(114): mysqli->prepare()
#1 {main}
  thrown in /home/u262838097/domains/munchmartfoods.com/public_html/vendor/subcategory.php on line 114
[06-Oct-2025 07:01:15 UTC] PHP Fatal error:  Uncaught mysqli_sql_exception: Unknown column 'minQty' in 'SELECT' in /home/u262838097/domains/munchmartfoods.com/public_html/vendor/subcategory.php:114
Stack trace:
#0 /home/u262838097/domains/munchmartfoods.com/public_html/vendor/subcategory.php(114): mysqli->prepare()
#1 {main}
  thrown in /home/u262838097/domains/munchmartfoods.com/public_html/vendor/subcategory.php on line 114
[06-Oct-2025 07:01:55 UTC] PHP Fatal error:  Uncaught mysqli_sql_exception: Unknown column 'minQty' in 'SELECT' in /home/u262838097/domains/munchmartfoods.com/public_html/vendor/subcategory.php:114
Stack trace:
#0 /home/u262838097/domains/munchmartfoods.com/public_html/vendor/subcategory.php(114): mysqli->prepare()
#1 {main}
  thrown in /home/u262838097/domains/munchmartfoods.com/public_html/vendor/subcategory.php on line 114
[06-Oct-2025 07:02:09 UTC] PHP Fatal error:  Uncaught mysqli_sql_exception: Unknown column 'minQty' in 'SELECT' in /home/u262838097/domains/munchmartfoods.com/public_html/vendor/subcategory.php:114
Stack trace:
#0 /home/u262838097/domains/munchmartfoods.com/public_html/vendor/subcategory.php(114): mysqli->prepare()
#1 {main}
  thrown in /home/u262838097/domains/munchmartfoods.com/public_html/vendor/subcategory.php on line 114
[06-Oct-2025 07:02:22 UTC] PHP Fatal error:  Uncaught mysqli_sql_exception: Unknown column 'minQty' in 'SELECT' in /home/u262838097/domains/munchmartfoods.com/public_html/vendor/subcategory.php:114
Stack trace:
#0 /home/u262838097/domains/munchmartfoods.com/public_html/vendor/subcategory.php(114): mysqli->prepare()
#1 {main}
  thrown in /home/u262838097/domains/munchmartfoods.com/public_html/vendor/subcategory.php on line 114
[06-Oct-2025 07:06:27 UTC] PHP Fatal error:  Uncaught mysqli_sql_exception: Unknown column 'minQty' in 'SELECT' in /home/u262838097/domains/munchmartfoods.com/public_html/vendor/subcategory.php:114
Stack trace:
#0 /home/u262838097/domains/munchmartfoods.com/public_html/vendor/subcategory.php(114): mysqli->prepare()
#1 {main}
  thrown in /home/u262838097/domains/munchmartfoods.com/public_html/vendor/subcategory.php on line 114
[06-Oct-2025 07:12:58 UTC] PHP Fatal error:  Uncaught mysqli_sql_exception: Unknown column 'minQty' in 'SELECT' in /home/u262838097/domains/munchmartfoods.com/public_html/vendor/subcategory.php:114
Stack trace:
#0 /home/u262838097/domains/munchmartfoods.com/public_html/vendor/subcategory.php(114): mysqli->prepare()
#1 {main}
  thrown in /home/u262838097/domains/munchmartfoods.com/public_html/vendor/subcategory.php on line 114
[06-Oct-2025 07:13:04 UTC] PHP Fatal error:  Uncaught mysqli_sql_exception: Unknown column 'minQty' in 'SELECT' in /home/u262838097/domains/munchmartfoods.com/public_html/vendor/subcategory.php:114
Stack trace:
#0 /home/u262838097/domains/munchmartfoods.com/public_html/vendor/subcategory.php(114): mysqli->prepare()
#1 {main}
  thrown in /home/u262838097/domains/munchmartfoods.com/public_html/vendor/subcategory.php on line 114
[06-Oct-2025 07:13:56 UTC] PHP Fatal error:  Uncaught mysqli_sql_exception: Unknown column 'minQty' in 'SELECT' in /home/u262838097/domains/munchmartfoods.com/public_html/vendor/subcategory.php:114
Stack trace:
#0 /home/u262838097/domains/munchmartfoods.com/public_html/vendor/subcategory.php(114): mysqli->prepare()
#1 {main}
  thrown in /home/u262838097/domains/munchmartfoods.com/public_html/vendor/subcategory.php on line 114
[06-Oct-2025 08:34:00 UTC] PHP Fatal error:  Uncaught mysqli_sql_exception: Unknown column 'discount' in 'INSERT INTO' in /home/u262838097/domains/munchmartfoods.com/public_html/vendor/subcategory.php:79
Stack trace:
#0 /home/u262838097/domains/munchmartfoods.com/public_html/vendor/subcategory.php(79): mysqli->prepare()
#1 {main}
  thrown in /home/u262838097/domains/munchmartfoods.com/public_html/vendor/subcategory.php on line 79
[06-Oct-2025 08:34:40 UTC] PHP Fatal error:  Uncaught mysqli_sql_exception: Unknown column 'discount' in 'SET' in /home/u262838097/domains/munchmartfoods.com/public_html/vendor/subcategory.php:172
Stack trace:
#0 /home/u262838097/domains/munchmartfoods.com/public_html/vendor/subcategory.php(172): mysqli->prepare()
#1 {main}
  thrown in /home/u262838097/domains/munchmartfoods.com/public_html/vendor/subcategory.php on line 172
[06-Oct-2025 09:39:50 UTC] PHP Fatal error:  Uncaught mysqli_sql_exception: Unknown column 'originalPricePerUnit' in 'SET' in /home/u262838097/domains/munchmartfoods.com/public_html/vendor/meal.php:130
Stack trace:
#0 /home/u262838097/domains/munchmartfoods.com/public_html/vendor/meal.php(130): mysqli->prepare()
#1 {main}
  thrown in /home/u262838097/domains/munchmartfoods.com/public_html/vendor/meal.php on line 130
[06-Oct-2025 09:41:04 UTC] PHP Fatal error:  Uncaught mysqli_sql_exception: Unknown column 'discountStart' in 'SET' in /home/u262838097/domains/munchmartfoods.com/public_html/vendor/meal.php:130
Stack trace:
#0 /home/u262838097/domains/munchmartfoods.com/public_html/vendor/meal.php(130): mysqli->prepare()
#1 {main}
  thrown in /home/u262838097/domains/munchmartfoods.com/public_html/vendor/meal.php on line 130
[06-Oct-2025 10:09:40 UTC] PHP Fatal error:  Uncaught Error: mysqli_stmt::bind_param(): Argument #16 cannot be passed by reference in /home/u262838097/domains/munchmartfoods.com/public_html/vendor/subcategory.php:95
Stack trace:
#0 {main}
  thrown in /home/u262838097/domains/munchmartfoods.com/public_html/vendor/subcategory.php on line 95
[06-Oct-2025 12:59:00 UTC] PHP Fatal error:  Uncaught mysqli_sql_exception: Unknown column 'categoryId' in 'SET' in /home/u262838097/domains/munchmartfoods.com/public_html/vendor/subcategory.php:187
Stack trace:
#0 /home/u262838097/domains/munchmartfoods.com/public_html/vendor/subcategory.php(187): mysqli->prepare()
#1 {main}
  thrown in /home/u262838097/domains/munchmartfoods.com/public_html/vendor/subcategory.php on line 187
[06-Oct-2025 17:29:29 UTC] LOGIN DEBUG: {"login_input":"testuser1@example.com","password_input":"123456","db_password":"$2y$10$6f4keEXpjj\/CDKF.Od9zZueJzsms2OOVz.8RUihnl\/73BHwHqVY4G","password_verify":true}
[06-Oct-2025 17:30:10 UTC] LOGIN DEBUG: {"login_input":"testuser1@example.com","password_input":"123456","db_password":"$2y$10$6f4keEXpjj\/CDKF.Od9zZueJzsms2OOVz.8RUihnl\/73BHwHqVY4G","password_verify":true}
[06-Oct-2025 17:31:29 UTC] LOGIN DEBUG: {"login_input":"yash123@gmail.com","password_input":"test12345","db_password":"$2y$10$FiHazrRoGYlghlnTwWhj8OSaaxhK0tBySMS3EUzKGp7cyky7xPMvC","password_verify":true}
[06-Oct-2025 17:43:05 UTC] LOGIN DEBUG: {"login_input":"yash123@gmail.com","password_input":"test12345","db_password":"$2y$10$FiHazrRoGYlghlnTwWhj8OSaaxhK0tBySMS3EUzKGp7cyky7xPMvC","password_verify":true}
[06-Oct-2025 18:48:48 UTC] LOGIN DEBUG: {"login_input":"yash123@gmail.com","password_input":"test12345","db_password":"$2y$10$FiHazrRoGYlghlnTwWhj8OSaaxhK0tBySMS3EUzKGp7cyky7xPMvC","password_verify":true}
[07-Oct-2025 04:27:08 UTC] PHP Warning:  Undefined variable $jwt_secret in /home/u262838097/domains/munchmartfoods.com/public_html/vendor/meal.php on line 163
[07-Oct-2025 04:27:08 UTC] PHP Fatal error:  Uncaught Error: Firebase\JWT\JWT::decode(): Argument #3 ($headers) cannot be passed by reference in /home/u262838097/domains/munchmartfoods.com/public_html/vendor/meal.php:163
Stack trace:
#0 {main}
  thrown in /home/u262838097/domains/munchmartfoods.com/public_html/vendor/meal.php on line 163
[07-Oct-2025 04:27:23 UTC] PHP Warning:  Undefined variable $jwt_secret in /home/u262838097/domains/munchmartfoods.com/public_html/vendor/meal.php on line 163
[07-Oct-2025 04:27:23 UTC] PHP Fatal error:  Uncaught Error: Firebase\JWT\JWT::decode(): Argument #3 ($headers) cannot be passed by reference in /home/u262838097/domains/munchmartfoods.com/public_html/vendor/meal.php:163
Stack trace:
#0 {main}
  thrown in /home/u262838097/domains/munchmartfoods.com/public_html/vendor/meal.php on line 163
[07-Oct-2025 04:36:17 UTC] PHP Warning:  Undefined variable $jwt_secret in /home/u262838097/domains/munchmartfoods.com/public_html/vendor/meal.php on line 163
[07-Oct-2025 04:36:17 UTC] PHP Fatal error:  Uncaught Error: Firebase\JWT\JWT::decode(): Argument #3 ($headers) cannot be passed by reference in /home/u262838097/domains/munchmartfoods.com/public_html/vendor/meal.php:163
Stack trace:
#0 {main}
  thrown in /home/u262838097/domains/munchmartfoods.com/public_html/vendor/meal.php on line 163
[07-Oct-2025 05:34:18 UTC] LOGIN DEBUG: {"login_input":"prajyotdhoke07@gmail.com","password_input":"123456","db_password":"$2y$10$0p6rBhvzp7tUDLNE62AXU.h6Uyfc5SMFNvBcErlmXbSOeTW6E13uK","password_verify":true}
[07-Oct-2025 05:38:24 UTC] PHP Warning:  require(/home/u262838097/domains/munchmartfoods.com/public_html/user/../../composer/autoload.php): Failed to open stream: No such file or directory in /home/u262838097/domains/munchmartfoods.com/public_html/user/profile.php on line 11
[07-Oct-2025 05:38:24 UTC] PHP Fatal error:  Uncaught Error: Failed opening required '/home/u262838097/domains/munchmartfoods.com/public_html/user/../../composer/autoload.php' (include_path='.:/opt/alt/php82/usr/share/pear:/opt/alt/php82/usr/share/php:/usr/share/pear:/usr/share/php') in /home/u262838097/domains/munchmartfoods.com/public_html/user/profile.php:11
Stack trace:
#0 {main}
  thrown in /home/u262838097/domains/munchmartfoods.com/public_html/user/profile.php on line 11
[07-Oct-2025 05:39:43 UTC] PHP Warning:  require(/home/u262838097/domains/munchmartfoods.com/public_html/user/../../composer/autoload.php): Failed to open stream: No such file or directory in /home/u262838097/domains/munchmartfoods.com/public_html/user/profile.php on line 11
[07-Oct-2025 05:39:43 UTC] PHP Fatal error:  Uncaught Error: Failed opening required '/home/u262838097/domains/munchmartfoods.com/public_html/user/../../composer/autoload.php' (include_path='.:/opt/alt/php82/usr/share/pear:/opt/alt/php82/usr/share/php:/usr/share/pear:/usr/share/php') in /home/u262838097/domains/munchmartfoods.com/public_html/user/profile.php:11
Stack trace:
#0 {main}
  thrown in /home/u262838097/domains/munchmartfoods.com/public_html/user/profile.php on line 11
[07-Oct-2025 05:39:48 UTC] PHP Warning:  require(/home/u262838097/domains/munchmartfoods.com/public_html/user/../../composer/autoload.php): Failed to open stream: No such file or directory in /home/u262838097/domains/munchmartfoods.com/public_html/user/profile.php on line 11
[07-Oct-2025 05:39:48 UTC] PHP Fatal error:  Uncaught Error: Failed opening required '/home/u262838097/domains/munchmartfoods.com/public_html/user/../../composer/autoload.php' (include_path='.:/opt/alt/php82/usr/share/pear:/opt/alt/php82/usr/share/php:/usr/share/pear:/usr/share/php') in /home/u262838097/domains/munchmartfoods.com/public_html/user/profile.php:11
Stack trace:
#0 {main}
  thrown in /home/u262838097/domains/munchmartfoods.com/public_html/user/profile.php on line 11
[07-Oct-2025 06:42:38 UTC] LOGIN DEBUG: {"login_input":"test@example.com","password_input":"123456","db_password":"$2y$10$T8eu1mtIOV\/DfqHRLwtQP.WQ9eH4OnxhtLakkJvNJfPyYCC5pfPwa","password_verify":true}
[07-Oct-2025 07:07:15 UTC] PHP Fatal error:  Uncaught mysqli_sql_exception: Cannot add or update a child row: a foreign key constraint fails (`u262838097_munchmart`.`favorites`, CONSTRAINT `favorites_ibfk_2` FOREIGN KEY (`subcategory_id`) REFERENCES `vendor_subcategories` (`id`) ON DELETE CASCADE) in /home/u262838097/domains/munchmartfoods.com/public_html/vendor/favorites.php:87
Stack trace:
#0 /home/u262838097/domains/munchmartfoods.com/public_html/vendor/favorites.php(87): mysqli_stmt->execute()
#1 {main}
  thrown in /home/u262838097/domains/munchmartfoods.com/public_html/vendor/favorites.php on line 87
[07-Oct-2025 07:08:38 UTC] PHP Fatal error:  Uncaught mysqli_sql_exception: Cannot add or update a child row: a foreign key constraint fails (`u262838097_munchmart`.`favorites`, CONSTRAINT `favorites_ibfk_2` FOREIGN KEY (`subcategory_id`) REFERENCES `vendor_subcategories` (`id`) ON DELETE CASCADE) in /home/u262838097/domains/munchmartfoods.com/public_html/vendor/favorites.php:87
Stack trace:
#0 /home/u262838097/domains/munchmartfoods.com/public_html/vendor/favorites.php(87): mysqli_stmt->execute()
#1 {main}
  thrown in /home/u262838097/domains/munchmartfoods.com/public_html/vendor/favorites.php on line 87
[07-Oct-2025 07:09:54 UTC] PHP Fatal error:  Uncaught mysqli_sql_exception: Cannot add or update a child row: a foreign key constraint fails (`u262838097_munchmart`.`favorites`, CONSTRAINT `favorites_ibfk_2` FOREIGN KEY (`subcategory_id`) REFERENCES `vendor_subcategories` (`id`) ON DELETE CASCADE) in /home/u262838097/domains/munchmartfoods.com/public_html/vendor/favorites.php:80
Stack trace:
#0 /home/u262838097/domains/munchmartfoods.com/public_html/vendor/favorites.php(80): mysqli_stmt->execute()
#1 {main}
  thrown in /home/u262838097/domains/munchmartfoods.com/public_html/vendor/favorites.php on line 80
[07-Oct-2025 07:13:56 UTC] PHP Warning:  Undefined variable $jwt_secret in /home/u262838097/domains/munchmartfoods.com/public_html/vendor/meal.php on line 163
[07-Oct-2025 07:13:56 UTC] PHP Fatal error:  Uncaught Error: Firebase\JWT\JWT::decode(): Argument #3 ($headers) cannot be passed by reference in /home/u262838097/domains/munchmartfoods.com/public_html/vendor/meal.php:163
Stack trace:
#0 {main}
  thrown in /home/u262838097/domains/munchmartfoods.com/public_html/vendor/meal.php on line 163
[07-Oct-2025 09:24:35 UTC] LOGIN DEBUG: {"login_input":"yash123@gmail.com","password_input":"test12345","db_password":"$2y$10$FiHazrRoGYlghlnTwWhj8OSaaxhK0tBySMS3EUzKGp7cyky7xPMvC","password_verify":true}
[07-Oct-2025 09:44:33 UTC] LOGIN DEBUG: {"login_input":"yash123@gmail.com","password_input":"test12345","db_password":"$2y$10$FiHazrRoGYlghlnTwWhj8OSaaxhK0tBySMS3EUzKGp7cyky7xPMvC","password_verify":true}
[07-Oct-2025 10:06:57 UTC] LOGIN DEBUG: {"login_input":"prajyotdhoke07@gmail.com","password_input":"123456","db_password":"$2y$10$0p6rBhvzp7tUDLNE62AXU.h6Uyfc5SMFNvBcErlmXbSOeTW6E13uK","password_verify":true}
[07-Oct-2025 10:11:34 UTC] PHP Fatal error:  Uncaught mysqli_sql_exception: Unknown column 'order_id' in 'WHERE' in /home/u262838097/domains/munchmartfoods.com/public_html/api/tracking.php:55
Stack trace:
#0 /home/u262838097/domains/munchmartfoods.com/public_html/api/tracking.php(55): mysqli->prepare()
#1 {main}
  thrown in /home/u262838097/domains/munchmartfoods.com/public_html/api/tracking.php on line 55
[07-Oct-2025 10:19:57 UTC] LOGIN DEBUG: {"login_input":"prajyotdhoke07@gmail.com","password_input":"123456","db_password":"$2y$10$0p6rBhvzp7tUDLNE62AXU.h6Uyfc5SMFNvBcErlmXbSOeTW6E13uK","password_verify":true}
[07-Oct-2025 10:23:20 UTC] LOGIN DEBUG: {"login_input":"testuser1@example.com","password_input":"123456","db_password":"$2y$10$6f4keEXpjj\/CDKF.Od9zZueJzsms2OOVz.8RUihnl\/73BHwHqVY4G","password_verify":true}
[07-Oct-2025 10:25:22 UTC] LOGIN DEBUG: {"login_input":"test@example.com","password_input":"123456","db_password":"$2y$10$T8eu1mtIOV\/DfqHRLwtQP.WQ9eH4OnxhtLakkJvNJfPyYCC5pfPwa","password_verify":true}
[07-Oct-2025 11:07:33 UTC] LOGIN DEBUG: {"login_input":"yash123@gmail.com","password_input":"test12345","db_password":"$2y$10$FiHazrRoGYlghlnTwWhj8OSaaxhK0tBySMS3EUzKGp7cyky7xPMvC","password_verify":true}
[07-Oct-2025 11:38:32 UTC] LOGIN DEBUG: {"login_input":"yash123@gmail.com","password_input":"test12345","db_password":"$2y$10$FiHazrRoGYlghlnTwWhj8OSaaxhK0tBySMS3EUzKGp7cyky7xPMvC","password_verify":true}
[07-Oct-2025 11:41:17 UTC] PHP Fatal error:  Uncaught mysqli_sql_exception: Unknown column 'phone' in 'SELECT' in /home/u262838097/domains/munchmartfoods.com/public_html/vendor/orders.php:154
Stack trace:
#0 /home/u262838097/domains/munchmartfoods.com/public_html/vendor/orders.php(154): mysqli->prepare()
#1 {main}
  thrown in /home/u262838097/domains/munchmartfoods.com/public_html/vendor/orders.php on line 154
[07-Oct-2025 11:41:27 UTC] PHP Fatal error:  Uncaught mysqli_sql_exception: Unknown column 'phone' in 'SELECT' in /home/u262838097/domains/munchmartfoods.com/public_html/vendor/orders.php:154
Stack trace:
#0 /home/u262838097/domains/munchmartfoods.com/public_html/vendor/orders.php(154): mysqli->prepare()
#1 {main}
  thrown in /home/u262838097/domains/munchmartfoods.com/public_html/vendor/orders.php on line 154
[07-Oct-2025 11:41:33 UTC] PHP Fatal error:  Uncaught mysqli_sql_exception: Unknown column 'phone' in 'SELECT' in /home/u262838097/domains/munchmartfoods.com/public_html/vendor/orders.php:154
Stack trace:
#0 /home/u262838097/domains/munchmartfoods.com/public_html/vendor/orders.php(154): mysqli->prepare()
#1 {main}
  thrown in /home/u262838097/domains/munchmartfoods.com/public_html/vendor/orders.php on line 154
[07-Oct-2025 11:41:58 UTC] PHP Fatal error:  Uncaught mysqli_sql_exception: Unknown column 'phone' in 'SELECT' in /home/u262838097/domains/munchmartfoods.com/public_html/vendor/orders.php:154
Stack trace:
#0 /home/u262838097/domains/munchmartfoods.com/public_html/vendor/orders.php(154): mysqli->prepare()
#1 {main}
  thrown in /home/u262838097/domains/munchmartfoods.com/public_html/vendor/orders.php on line 154
[07-Oct-2025 11:43:57 UTC] PHP Fatal error:  Uncaught mysqli_sql_exception: Unknown column 'phone' in 'SELECT' in /home/u262838097/domains/munchmartfoods.com/public_html/vendor/orders.php:154
Stack trace:
#0 /home/u262838097/domains/munchmartfoods.com/public_html/vendor/orders.php(154): mysqli->prepare()
#1 {main}
  thrown in /home/u262838097/domains/munchmartfoods.com/public_html/vendor/orders.php on line 154
[07-Oct-2025 11:44:12 UTC] PHP Fatal error:  Uncaught mysqli_sql_exception: Unknown column 'phone' in 'SELECT' in /home/u262838097/domains/munchmartfoods.com/public_html/vendor/orders.php:154
Stack trace:
#0 /home/u262838097/domains/munchmartfoods.com/public_html/vendor/orders.php(154): mysqli->prepare()
#1 {main}
  thrown in /home/u262838097/domains/munchmartfoods.com/public_html/vendor/orders.php on line 154
[07-Oct-2025 11:45:07 UTC] PHP Fatal error:  Uncaught mysqli_sql_exception: Unknown column 'phone' in 'SELECT' in /home/u262838097/domains/munchmartfoods.com/public_html/vendor/orders.php:154
Stack trace:
#0 /home/u262838097/domains/munchmartfoods.com/public_html/vendor/orders.php(154): mysqli->prepare()
#1 {main}
  thrown in /home/u262838097/domains/munchmartfoods.com/public_html/vendor/orders.php on line 154
[07-Oct-2025 11:47:32 UTC] PHP Fatal error:  Uncaught mysqli_sql_exception: Unknown column 'phone' in 'SELECT' in /home/u262838097/domains/munchmartfoods.com/public_html/vendor/orders.php:154
Stack trace:
#0 /home/u262838097/domains/munchmartfoods.com/public_html/vendor/orders.php(154): mysqli->prepare()
#1 {main}
  thrown in /home/u262838097/domains/munchmartfoods.com/public_html/vendor/orders.php on line 154
[07-Oct-2025 11:49:20 UTC] PHP Fatal error:  Uncaught mysqli_sql_exception: Unknown column 'phone' in 'SELECT' in /home/u262838097/domains/munchmartfoods.com/public_html/vendor/orders.php:154
Stack trace:
#0 /home/u262838097/domains/munchmartfoods.com/public_html/vendor/orders.php(154): mysqli->prepare()
#1 {main}
  thrown in /home/u262838097/domains/munchmartfoods.com/public_html/vendor/orders.php on line 154
[07-Oct-2025 11:50:17 UTC] PHP Fatal error:  Uncaught mysqli_sql_exception: Unknown column 'phone' in 'SELECT' in /home/u262838097/domains/munchmartfoods.com/public_html/vendor/orders.php:154
Stack trace:
#0 /home/u262838097/domains/munchmartfoods.com/public_html/vendor/orders.php(154): mysqli->prepare()
#1 {main}
  thrown in /home/u262838097/domains/munchmartfoods.com/public_html/vendor/orders.php on line 154
[07-Oct-2025 11:50:20 UTC] PHP Fatal error:  Uncaught mysqli_sql_exception: Unknown column 'phone' in 'SELECT' in /home/u262838097/domains/munchmartfoods.com/public_html/vendor/orders.php:154
Stack trace:
#0 /home/u262838097/domains/munchmartfoods.com/public_html/vendor/orders.php(154): mysqli->prepare()
#1 {main}
  thrown in /home/u262838097/domains/munchmartfoods.com/public_html/vendor/orders.php on line 154
[07-Oct-2025 11:50:35 UTC] PHP Fatal error:  Uncaught mysqli_sql_exception: Unknown column 'phone' in 'SELECT' in /home/u262838097/domains/munchmartfoods.com/public_html/vendor/orders.php:154
Stack trace:
#0 /home/u262838097/domains/munchmartfoods.com/public_html/vendor/orders.php(154): mysqli->prepare()
#1 {main}
  thrown in /home/u262838097/domains/munchmartfoods.com/public_html/vendor/orders.php on line 154
[07-Oct-2025 11:50:37 UTC] PHP Fatal error:  Uncaught mysqli_sql_exception: Unknown column 'phone' in 'SELECT' in /home/u262838097/domains/munchmartfoods.com/public_html/vendor/orders.php:154
Stack trace:
#0 /home/u262838097/domains/munchmartfoods.com/public_html/vendor/orders.php(154): mysqli->prepare()
#1 {main}
  thrown in /home/u262838097/domains/munchmartfoods.com/public_html/vendor/orders.php on line 154
[07-Oct-2025 11:50:49 UTC] PHP Fatal error:  Uncaught mysqli_sql_exception: Unknown column 'phone' in 'SELECT' in /home/u262838097/domains/munchmartfoods.com/public_html/vendor/orders.php:154
Stack trace:
#0 /home/u262838097/domains/munchmartfoods.com/public_html/vendor/orders.php(154): mysqli->prepare()
#1 {main}
  thrown in /home/u262838097/domains/munchmartfoods.com/public_html/vendor/orders.php on line 154
[07-Oct-2025 11:50:56 UTC] PHP Fatal error:  Uncaught mysqli_sql_exception: Unknown column 'phone' in 'SELECT' in /home/u262838097/domains/munchmartfoods.com/public_html/vendor/orders.php:154
Stack trace:
#0 /home/u262838097/domains/munchmartfoods.com/public_html/vendor/orders.php(154): mysqli->prepare()
#1 {main}
  thrown in /home/u262838097/domains/munchmartfoods.com/public_html/vendor/orders.php on line 154
[07-Oct-2025 11:51:55 UTC] PHP Fatal error:  Uncaught mysqli_sql_exception: Unknown column 'phone' in 'SELECT' in /home/u262838097/domains/munchmartfoods.com/public_html/vendor/orders.php:154
Stack trace:
#0 /home/u262838097/domains/munchmartfoods.com/public_html/vendor/orders.php(154): mysqli->prepare()
#1 {main}
  thrown in /home/u262838097/domains/munchmartfoods.com/public_html/vendor/orders.php on line 154
[07-Oct-2025 11:58:21 UTC] LOGIN DEBUG: {"login_input":"yash123@gmail.com","password_input":"test12345","db_password":"$2y$10$FiHazrRoGYlghlnTwWhj8OSaaxhK0tBySMS3EUzKGp7cyky7xPMvC","password_verify":true}
[07-Oct-2025 13:07:14 UTC] PHP Fatal error:  Uncaught mysqli_sql_exception: Unknown column 'categoryId' in 'SET' in /home/u262838097/domains/munchmartfoods.com/public_html/vendor/subcategory.php:258
Stack trace:
#0 /home/u262838097/domains/munchmartfoods.com/public_html/vendor/subcategory.php(258): mysqli->prepare()
#1 {main}
  thrown in /home/u262838097/domains/munchmartfoods.com/public_html/vendor/subcategory.php on line 258
[07-Oct-2025 13:19:16 UTC] LOGIN DEBUG: {"login_input":"yashhh.zinzala@gmail.com","password_input":"test456","db_password":"$2y$10$IN.msiaNHHw9ua0SZ4phSebAbMEMhTcdD.qxfWUas\/huAiMfGFExS","password_verify":false}
[07-Oct-2025 13:19:16 UTC] LOGIN ERROR: Password mismatch for user yashhh.zinzala@gmail.com
[07-Oct-2025 13:19:40 UTC] LOGIN DEBUG: {"login_input":"yashhh.zinzala@gmail.com","password_input":"test456","db_password":"$2y$10$IN.msiaNHHw9ua0SZ4phSebAbMEMhTcdD.qxfWUas\/huAiMfGFExS","password_verify":false}
[07-Oct-2025 13:19:40 UTC] LOGIN ERROR: Password mismatch for user yashhh.zinzala@gmail.com
[07-Oct-2025 13:21:09 UTC] LOGIN DEBUG: {"login_input":"yashhh.zinzala@gmail.com","password_input":"test456","db_password":"$2y$10$yU\/YJ6XvUv06kJ0zHeJwQenv6jaKHsu1IwYQMGwUqQYcybJX3ncTS","password_verify":true}
[07-Oct-2025 13:22:10 UTC] PHP Warning:  Undefined variable $jwt_secret in /home/u262838097/domains/munchmartfoods.com/public_html/vendor/meal.php on line 163
[07-Oct-2025 13:22:10 UTC] PHP Fatal error:  Uncaught Error: Firebase\JWT\JWT::decode(): Argument #3 ($headers) cannot be passed by reference in /home/u262838097/domains/munchmartfoods.com/public_html/vendor/meal.php:163
Stack trace:
#0 {main}
  thrown in /home/u262838097/domains/munchmartfoods.com/public_html/vendor/meal.php on line 163
[07-Oct-2025 13:25:34 UTC] LOGIN DEBUG: {"login_input":"yashhh.zinzala@gmail.com","password_input":"yash123","db_password":"$2y$10$msI7q9a.aqMl.434JEP\/R.aN1dFCSoe0Vh.ro68YYfovRi08WO86e","password_verify":true}
[07-Oct-2025 13:25:40 UTC] PHP Warning:  Undefined variable $jwt_secret in /home/u262838097/domains/munchmartfoods.com/public_html/vendor/meal.php on line 163
[07-Oct-2025 13:25:40 UTC] PHP Fatal error:  Uncaught Error: Firebase\JWT\JWT::decode(): Argument #3 ($headers) cannot be passed by reference in /home/u262838097/domains/munchmartfoods.com/public_html/vendor/meal.php:163
Stack trace:
#0 {main}
  thrown in /home/u262838097/domains/munchmartfoods.com/public_html/vendor/meal.php on line 163
[07-Oct-2025 18:34:50 UTC] LOGIN DEBUG: {"login_input":"yash123@gmail.com","password_input":"test12345","db_password":"$2y$10$FiHazrRoGYlghlnTwWhj8OSaaxhK0tBySMS3EUzKGp7cyky7xPMvC","password_verify":true}
[07-Oct-2025 19:53:46 UTC] LOGIN DEBUG: {"login_input":"yash123@gmail.com","password_input":"test12345","db_password":"$2y$10$FiHazrRoGYlghlnTwWhj8OSaaxhK0tBySMS3EUzKGp7cyky7xPMvC","password_verify":true}
[07-Oct-2025 20:10:36 UTC] LOGIN DEBUG: {"login_input":"yashhh.zinzala@gmail.com","password_input":"test456","db_password":"$2y$10$msI7q9a.aqMl.434JEP\/R.aN1dFCSoe0Vh.ro68YYfovRi08WO86e","password_verify":false}
[07-Oct-2025 20:10:36 UTC] LOGIN ERROR: Password mismatch for user yashhh.zinzala@gmail.com
[07-Oct-2025 20:10:47 UTC] LOGIN DEBUG: {"login_input":"yashhh.zinzala@gmail.com","password_input":"yash123","db_password":"$2y$10$msI7q9a.aqMl.434JEP\/R.aN1dFCSoe0Vh.ro68YYfovRi08WO86e","password_verify":true}
[07-Oct-2025 20:21:27 UTC] LOGIN DEBUG: {"login_input":"yashhh.zinzala@gmail.com","password_input":"yash123","db_password":"$2y$10$msI7q9a.aqMl.434JEP\/R.aN1dFCSoe0Vh.ro68YYfovRi08WO86e","password_verify":true}
[08-Oct-2025 05:54:06 UTC] LOGIN DEBUG: {"login_input":"yashhh.zinzala@gmail.com","password_input":"yash123","db_password":"$2y$10$msI7q9a.aqMl.434JEP\/R.aN1dFCSoe0Vh.ro68YYfovRi08WO86e","password_verify":true}
[08-Oct-2025 06:03:41 UTC] LOGIN DEBUG: {"login_input":"yashhh.zinzala@gmail.com","password_input":"yash123","db_password":"$2y$10$msI7q9a.aqMl.434JEP\/R.aN1dFCSoe0Vh.ro68YYfovRi08WO86e","password_verify":true}
